
 frequency_dependence   1

 band_index     1    13
 sigma_matrix     0   0

 finite_difference_form   2
 finite_difference_spacing  1.000000

 symmetries
 ntran  = 12
 mtrx01 =  1  0  0  0  1  0  0  0  1
 mtrx02 = -1  1  0  0  1  0  0  0 -1
 mtrx03 =  0 -1  0  1 -1  0  0  0  1
 mtrx04 = -1  1  0 -1  0  0  0  0  1
 mtrx05 =  0 -1  0 -1  0  0  0  0 -1
 mtrx06 =  1  0  0  1 -1  0  0  0 -1
 mtrx07 =  1  0  0  0  1  0  0  0 -1
 mtrx08 = -1  1  0  0  1  0  0  0  1
 mtrx09 = -1  1  0 -1  0  0  0  0 -1
 mtrx10 =  0 -1  0  1 -1  0  0  0 -1
 mtrx11 =  1  0  0  1 -1  0  0  0  1
 mtrx12 =  0 -1  0 -1  0  0  0  0  1
 
       k =  0.166667  0.541667  0.000000 ik =  88 spin = 1

   n            Emf             Eo              X           SX-X             CH            Sig            Vxc           Eqp0           Eqp1            Znk
   1  -19.138216672  -19.138216672  -26.978272002   14.427035290   -9.261825308  -21.813062021  -16.949013948  -24.002264744  -23.018837350    0.797817090
   2  -11.878761612  -11.878761612  -22.714295732   11.416446842   -8.791199329  -20.089048218  -16.105399040  -15.862410790  -15.205260079    0.835038006
   3   -9.503637612   -9.503637612  -22.420669128   11.179665577   -9.142590026  -20.383593577  -16.695221183  -13.192010007  -12.613878057    0.843255537
   4   -5.976039819   -5.976039819  -18.550701857    9.293981294   -8.363428088  -17.620148650  -14.747948843   -8.848239626   -8.433032369    0.855439285
   5    1.651042888    1.651042888   -6.765791674    3.522811572   -7.508417834  -10.751397936  -12.382036410    3.281681363    3.062247748    0.865430862
   6    5.377258239    5.377258239   -1.909948196    0.968360093   -3.264094493   -4.205682596   -5.387041494    6.558617138    6.462294027    0.918464142
   7    6.674520504    6.674520504   -0.468481776    0.203731118   -1.432395509   -1.697146168   -2.198294676    7.175669012    7.153124457    0.955014223
   8    7.034787772    7.034787772   -0.200833023    0.113528855   -0.414564502   -0.501868670   -0.501791879    7.034710981    7.034711990    0.986859265
   9    7.885951584    7.885951584   -0.327602837    0.146453054   -0.900562351   -1.081712134   -1.325573078    8.129812528    8.123076431    0.972377301
  10    7.925555650    7.925555650   -3.616860048    2.136327821   -4.824650927   -6.305183154   -7.325432725    8.945805221    8.857985513    0.913923308
  11    8.560264002    8.560264002   -2.983132007    1.725945961   -4.065567972   -5.322754018   -6.254515340    9.492025324    9.421532627    0.924344685
  12    9.703857995    9.703857995   -0.739357210    0.353947759   -1.641594665   -2.027004116   -2.519112060   10.195965938   10.173820344    0.954998503
  13   10.303771309   10.303771309   -2.031966088    1.160873552   -3.077433091   -3.948525626   -4.697189272   11.052434954   11.004035455    0.935352144
 
       k =  0.166667  0.583333  0.000000 ik =  89 spin = 1

   n            Emf             Eo              X           SX-X             CH            Sig            Vxc           Eqp0           Eqp1            Znk
   1  -19.528862444  -19.528862444  -26.902040272   14.389870354   -9.143428280  -21.655598198  -16.770989745  -24.413470897  -23.420370043    0.796687726
   2  -11.228208538  -11.228208538  -22.791844708   11.460028543   -8.971732093  -20.303548258  -16.373841667  -15.157915129  -14.515958817    0.836640142
   3   -9.202220451   -9.202220451  -22.369213728   11.147312911   -9.187018131  -20.408918948  -16.764063956  -12.847075443  -12.279237472    0.844208351
   4   -6.539897562   -6.539897562  -18.396045121    9.195615653   -8.123227865  -17.323657333  -14.371353190   -9.492201705   -9.063620453    0.854831605
   5    2.338803615    2.338803615   -6.888680323    3.638216686   -7.719732094  -10.970195731  -12.674908807    4.043516690    3.810039936    0.863040439
   6    4.535276033    4.535276033   -1.661697428    0.818047590   -2.925171523   -3.768821361   -4.869274449    5.635729121    5.552105837    0.924010133
   7    5.844337263    5.844337263   -0.402038704    0.169709294   -1.274370628   -1.506700037   -1.908264564    6.245901790    6.229816156    0.959942592
   8    6.104834311    6.104834311   -0.118199450    0.062973640   -0.308344225   -0.363570035   -0.346065447    6.087329723    6.087527976    0.988674267
   9    7.029599508    7.029599508   -0.288306452    0.121660704   -0.867788438   -1.034434185   -1.277791422    7.272956745    7.266099435    0.971822043
  10    7.266343301    7.266343301   -0.979256327    0.559705162   -1.542370312   -1.961921477   -2.234201836    7.538623660    7.528937398    0.964425410
  11    8.264559016    8.264559016   -5.848396221    3.434411006   -7.522311326   -9.936296542  -11.647488014    9.975750489    9.765537960    0.877154292
  12    8.992361726    8.992361726   -0.477007403    0.212125175   -1.236383775   -1.501266003   -1.858905771    9.350001494    9.337297541    0.964478356
  13    9.446948931    9.446948931   -1.972502171    1.137216209   -2.896698913   -3.731984874   -4.401822719   10.116786776   10.077377424    0.941165833
 
       k =  0.166667  0.625000  0.000000 ik =  90 spin = 1

   n            Emf             Eo              X           SX-X             CH            Sig            Vxc           Eqp0           Eqp1            Znk
   1  -19.920579985  -19.920579985  -26.859924727   14.376034337   -9.041375878  -21.525266268  -16.618416885  -24.827429368  -23.821732227    0.795042182
   2  -10.542646900  -10.542646900  -22.827701019   11.475551881   -9.139387713  -20.491536852  -16.622598090  -14.411585662  -13.786598285    0.838460256
   3   -8.812414137   -8.812414137  -22.328844617   11.120754432   -9.255745694  -20.463835878  -16.873647011  -12.402603005  -11.847142856    0.845283864
   4   -7.093347736   -7.093347736  -18.330010123    9.152384303   -7.929447233  -17.107073052  -14.074092942  -10.126327846   -9.683407329    0.853965242
   5    2.963173620    2.963173620   -6.654493586    3.560882003   -7.554559679  -10.648171262  -12.366077686    4.681080044    4.449828552    0.865387609
   6    3.764884720    3.764884720   -1.556577091    0.754035993   -2.753271543   -3.555812641   -4.604258535    4.813330614    4.736619380    0.926833388
   7    5.142460897    5.142460897   -0.568342912    0.258142725   -1.396328254   -1.706528441   -2.071380093    5.507312549    5.492254334    0.958727842
   8    5.277983488    5.277983488   -0.103122714    0.053273363   -0.287431143   -0.337280494   -0.317725696    5.258428690    5.258641921    0.989095734
   9    6.282462937    6.282462937   -0.345427295    0.144902111   -0.980006469   -1.180531653   -1.458043100    6.559974384    6.551565180    0.969697812
  10    6.496388761    6.496388761   -0.585016615    0.320284429   -1.047553848   -1.312286034   -1.479647805    6.663750532    6.659087475    0.972137862
  11    8.133472881    8.133472881   -5.945003552    3.485437073   -7.556727430  -10.016293909  -11.737782963    9.854961934    9.644251652    0.877599987
  12    8.293244871    8.293244871   -0.394659078    0.164102125   -1.126693579   -1.357250532   -1.680514270    8.616508609    8.605306639    0.965347273
  13    8.634934547    8.634934547   -2.460116537    1.421442924   -3.408231048   -4.446904662   -5.227011231    9.415041116    9.362351201    0.932458055
 
       k =  0.208333  0.208333  0.000000 ik =  91 spin = 1

   n            Emf             Eo              X           SX-X             CH            Sig            Vxc           Eqp0           Eqp1            Znk
   1  -19.550520979  -19.550520979  -26.897234523   14.387299958   -9.136452107  -21.646386672  -16.760370209  -24.436537441  -23.443164891    0.796690707
   2  -11.077799022  -11.077799022  -22.825681181   11.479060567   -9.021641652  -20.368262266  -16.457877724  -14.988183563  -14.351181175    0.837099809
   3   -9.337470904   -9.337470904  -22.318403879   11.119640268   -9.136039964  -20.334803575  -16.670272849  -13.002001630  -12.430101683    0.843936376
   4   -6.571538283   -6.571538283  -18.385588389    9.188766724   -8.109008765  -17.305830429  -14.349141819   -9.528226893   -9.099017988    0.854834593
   5    2.421053827    2.421053827   -6.916685650    3.659515962   -7.762356604  -11.019526293  -12.733443939    4.134971473    3.899366326    0.862534150
   6    4.498407849    4.498407849   -1.598458324    0.779770752   -2.852126935   -3.670814507   -4.758250893    5.585844234    5.504234263    0.924951958
   7    5.793308581    5.793308581   -0.406124832    0.170688852   -1.281314511   -1.516750491   -1.918236018    6.194794109    6.178697317    0.959906920
   8    6.052008344    6.052008344   -0.104692438    0.054611893   -0.292028725   -0.342109271   -0.322558620    6.032457694    6.032674152    0.988928318
   9    6.975626795    6.975626795   -0.289033024    0.121004731   -0.872956278   -1.040984572   -1.286089353    7.220731576    7.213852421    0.971933817
  10    7.253010134    7.253010134   -0.607333130    0.334953576   -1.091624947   -1.364004501   -1.542647373    7.431653007    7.426568779    0.971539713
  11    8.752544802    8.752544802   -6.965865404    4.069800925   -8.844857741  -11.740922219  -13.835638667   10.847261250   10.553573169    0.859795782
  12    8.935428489    8.935428489   -0.477200218    0.210919638   -1.240127164   -1.506407744   -1.866347276    9.295368022    9.282534460    0.964345229
  13    9.166120859    9.166120859   -2.050516633    1.224332726   -3.092416911   -3.918600818   -4.571286275    9.818806317    9.777797446    0.937169015
 
       k =  0.208333  0.250000  0.000000 ik =  92 spin = 1

   n            Emf             Eo              X           SX-X             CH            Sig            Vxc           Eqp0           Eqp1            Znk
   1  -19.170050312  -19.170050312  -26.965350864   14.418540884   -9.248572417  -21.795382396  -16.928401461  -24.037031248  -23.054052924    0.798031195
   2  -11.617877166  -11.617877166  -22.758655981   11.441662618   -8.872077200  -20.189070563  -16.244742323  -15.562205405  -14.914294656    0.835736098
   3   -9.772915418   -9.772915418  -22.353525115   11.144418149   -9.055007590  -20.264114556  -16.531745946  -13.505284029  -12.917244032    0.842448574
   4   -6.024885509   -6.024885509  -18.516025422    9.272045075   -8.333590603  -17.577570949  -14.699820820   -8.902635639   -8.486617207    0.855436222
   5    1.805987541    1.805987541   -6.853162801    3.580487592   -7.619540172  -10.892215381  -12.543071615    3.456843774    3.232421010    0.864056748
   6    5.317666265    5.317666265   -1.707315495    0.844897719   -3.034379912   -3.896797687   -5.040750511    6.461619089    6.371550789    0.921265722
   7    6.563009918    6.563009918   -0.467948433    0.200408763   -1.440341343   -1.707881013   -2.212263351    7.067392255    7.044727462    0.955064261
   8    6.934256625    6.934256625   -0.117658138    0.062921094   -0.311132317   -0.365869360   -0.348171565    6.916558829    6.916761404    0.988553705
   9    7.771284858    7.771284858   -0.328324519    0.144989013   -0.905606339   -1.088941845   -1.335181711    8.017524723    8.010702527    0.972294509
  10    8.083790171    8.083790171   -0.906239246    0.515789396   -1.482165470   -1.872615320   -2.138365352    8.349540204    8.340160401    0.964704415
  11    9.009490004    9.009490004   -6.196358870    3.627641762   -8.061232159  -10.629949266  -12.536961064   10.916501802   10.664636418    0.867926678
  12    9.571667968    9.571667968   -0.757459602    0.361341738   -1.669468893   -2.065586757   -2.571057494   10.077138705   10.054070562    0.954363050
  13    9.958615443    9.958615443   -2.831061689    1.681072720   -4.161001591   -5.310990560   -6.258913560   10.906538443   10.830555262    0.919842454
 
       k =  0.208333  0.291667  0.000000 ik =  93 spin = 1

   n            Emf             Eo              X           SX-X             CH            Sig            Vxc           Eqp0           Eqp1            Znk
   1  -18.810593649  -18.810593649  -27.067244330   14.474289359   -9.372657243  -21.965612214  -17.115019303  -23.661186560  -22.686414691    0.799040677
   2  -12.123871679  -12.123871679  -22.637714843   11.370515264   -8.705283617  -19.972483196  -16.000301242  -16.096053634  -15.439009460    0.834588601
   3  -10.095966396  -10.095966396  -22.410258699   11.181355443   -9.008976411  -20.237879667  -16.451908352  -13.881937712  -13.281662503    0.841447502
   4   -5.493608229   -5.493608229  -18.753578810    9.420718036   -8.603033751  -17.935894525  -15.130211441   -8.299291313   -7.894482545    0.855718284
   5    1.200654386    1.200654386   -6.616902462    3.409937635   -7.347610849  -10.554575677  -12.133292765    2.779371474    2.569441025    0.867024655
   6    6.203117018    6.203117018   -1.968570535    1.001291073   -3.397723552   -4.365003014   -5.597295824    7.435409828    7.331085223    0.915341058
   7    7.379194237    7.379194237   -0.735486348    0.332027482   -1.912337990   -2.315796856   -3.033193714    8.096591095    8.056543585    0.944176630
   8    7.919013253    7.919013253   -0.201144400    0.113597168   -0.421710439   -0.509257672   -0.511064694    7.920820275    7.920795984    0.986557384
   9    8.617296867    8.617296867   -0.475776658    0.225472374   -1.095690702   -1.345994986   -1.632247466    8.903549346    8.894574097    0.968645689
  10    8.774509799    8.774509799   -3.829192092    2.251427362   -5.204619316   -6.782384046   -7.944954823    9.937080576    9.828646255    0.906728844
  11    9.332763920    9.332763920   -2.852481657    1.640744794   -3.971894510   -5.183631373   -6.127728040   10.276860587   10.205691328    0.924616555
  12   10.032140970   10.032140970   -1.152692696    0.579370185   -2.298640082   -2.871962592   -3.617615812   10.777794190   10.733671663    0.940827015
  13   10.738635101   10.738635101   -3.280061212    1.899456513   -4.919410826   -6.300015525   -7.553318010   11.991937586   11.872478760    0.904684761
 
       k =  0.208333  0.333333  0.000000 ik =  94 spin = 1

   n            Emf             Eo              X           SX-X             CH            Sig            Vxc           Eqp0           Eqp1            Znk
   1  -18.518331493  -18.518331493  -27.186991407   14.543271196   -9.491199815  -22.134920026  -17.294039911  -23.359211608  -22.391681103    0.800133347
   2  -12.529702351  -12.529702351  -22.497915113   11.286041859   -8.551446291  -19.763319545  -15.771039501  -16.521982394  -15.858426015    0.833790122
   3  -10.305909839  -10.305909839  -22.460619525   11.213235408   -8.985002446  -20.232386563  -16.410893250  -14.127403152  -13.518682748    0.840711378
   4   -5.044524291   -5.044524291  -19.091765805    9.630105064   -8.890755325  -18.352416065  -15.598584558   -7.798355798   -7.400348258    0.855471353
   5    0.692241229    0.692241229   -6.264832043    3.179380568   -7.038274360  -10.123725836  -11.646627045    2.215142438    2.017470975    0.870200732
   6    7.099764901    7.099764901   -2.652746350    1.413452075   -4.244378733   -5.483673009   -6.878424288    8.494516180    8.360694195    0.904053155
   7    8.078146528    8.078146528   -1.428663423    0.679904023   -3.005331110   -3.754090510   -4.901020806    9.225076824    9.134726719    0.921224415
   8    8.830137485    8.830137485   -3.694147651    2.160729880   -5.097938424   -6.631356194   -7.809835481   10.008616772    9.898994008    0.906979474
   9    9.117883556    9.117883556   -1.473041358    0.847187022   -2.141599312   -2.767453649   -3.255834208    9.606264116    9.584170922    0.954762340
  10    9.428283792    9.428283792   -0.635721958    0.317656511   -1.344280812   -1.662346259   -2.005035263    9.770972795    9.758441338    0.963431983
  11   10.173210195   10.173210195   -1.349300978    0.742374651   -2.185433062   -2.792359389   -3.333333776   10.714184581   10.686726092    0.949242534
  12   10.490260294   10.490260294   -0.745653048    0.375036261   -1.707359177   -2.077975964   -2.666614902   11.078899232   11.050017553    0.950934814
  13   10.976120629   10.976120629   -2.298628180    1.249570259   -3.879647675   -4.928705597   -6.167553076   12.214968108   12.109227528    0.914646006
 
       k =  0.208333  0.375000  0.000000 ik =  95 spin = 1

   n            Emf             Eo              X           SX-X             CH            Sig            Vxc           Eqp0           Eqp1            Znk
   1  -18.350067849  -18.350067849  -27.275696268   14.596050889   -9.568901703  -22.248547083  -17.411677529  -23.186937403  -22.223704975    0.800856232
   2  -12.759834502  -12.759834502  -22.397894861   11.224132960   -8.453801947  -19.627563849  -15.625225300  -16.762173051  -16.095202048    0.833354676
   3  -10.408851502  -10.408851502  -22.488677845   11.230970957   -8.974844307  -20.232551196  -16.393710973  -14.247691724  -13.634609242    0.840294869
   4   -4.775290118   -4.775290118  -19.387787731    9.811643835   -9.101921451  -18.678065347  -15.947389858   -7.505965606   -7.110034840    0.855006291
   5    0.390279722    0.390279722   -5.958251140    2.983582707   -6.809130238   -9.783798671  -11.280497101    1.886978151    1.695972716    0.872382150
   6    7.803087235    7.803087235   -4.369412322    2.462444736   -6.236667520   -8.143635106   -9.851005324    9.510457454    9.307761782    0.881281945
   7    8.412664957    8.412664957   -2.165701457    1.059297425   -4.079083361   -5.185487393   -6.713627162    9.940804725    9.790229260    0.901464860
   8    8.981544963    8.981544963   -3.067602258    1.690125417   -4.792903836   -6.170380678   -7.636562319   10.447726604   10.299066104    0.898607037
   9   10.108273801   10.108273801   -1.611184074    0.891157157   -2.701164558   -3.421191476   -4.208739968   10.895822293   10.846871180    0.937843683
  10   10.260398728   10.260398728   -0.389517938    0.186883029   -1.192665576   -1.395300485   -1.759204562   10.624302805   10.610227696    0.961321927
  11   10.364051537   10.364051537   -0.967758810    0.532481781   -1.697138076   -2.132415105   -2.626421758   10.858058190   10.837300020    0.957979977
  12   11.168269777   11.168269777   -0.231793715    0.099031760   -0.927844235   -1.060606190   -1.371672358   11.479335945   11.469623393    0.968776572
  13   11.456629789   11.456629789   -0.529240958    0.287969592   -1.029718707   -1.270990073   -1.457291393   11.642931110   11.637665147    0.971734167
 
       k =  0.208333  0.416667  0.000000 ik =  96 spin = 1

   n            Emf             Eo              X           SX-X             CH            Sig            Vxc           Eqp0           Eqp1            Znk
   1  -18.350067848  -18.350067848  -27.275723397   14.596058750   -9.568929896  -22.248594543  -17.411677529  -23.186984862  -22.223703162    0.800848000
   2  -12.759834502  -12.759834502  -22.397864360   11.224150627   -8.453744429  -19.627458163  -15.625225298  -16.762067367  -16.095135221    0.833359985
   3  -10.408851504  -10.408851504  -22.488672910   11.230961932   -8.974861283  -20.232572261  -16.393710974  -14.247712791  -13.634625945    0.840294608
   4   -4.775290120   -4.775290120  -19.387795926    9.811624412   -9.101923978  -18.678095492  -15.947389855   -7.505995756   -7.110058735    0.855005602
   5    0.390279727    0.390279727   -5.958227151    2.983616071   -6.809145993   -9.783757073  -11.280497104    1.887019758    1.696008800    0.872382008
   6    7.803087237    7.803087237   -4.369410314    2.462478869   -6.236322810   -8.143254255   -9.851005332    9.510838314    9.308096720    0.881281531
   7    8.412664952    8.412664952   -2.165695640    1.059294707   -4.079096174   -5.185497107   -6.713627159    9.940795004    9.790220900    0.901465125
   8    8.981544957    8.981544957   -3.067610223    1.689866005   -4.793491459   -6.171235677   -7.636562319   10.446871599   10.298299435    0.898608161
   9   10.108273802   10.108273802   -1.611185156    0.891247033   -2.700793809   -3.420731933   -4.208739961   10.896281831   10.847305532    0.937847970
  10   10.260398731   10.260398731   -0.389520038    0.186889211   -1.192621211   -1.395252038   -1.759204557   10.624351251   10.610273990    0.961321161
  11   10.364051537   10.364051537   -0.967758969    0.532498736   -1.697064812   -2.132325045   -2.626421768   10.858148260   10.837386775    0.957980929
  12   11.168269777   11.168269777   -0.231793769    0.099029405   -0.927837412   -1.060601776   -1.371672363   11.479340365   11.469627918    0.968777353
  13   11.456629788   11.456629788   -0.529241068    0.287930247   -1.029919189   -1.271230010   -1.457291396   11.642691174   11.637432014    0.971734279
 
       k =  0.208333  0.458333  0.000000 ik =  97 spin = 1

   n            Emf             Eo              X           SX-X             CH            Sig            Vxc           Eqp0           Eqp1            Znk
   1  -18.518331484  -18.518331484  -27.187066590   14.543264176   -9.491266278  -22.135068693  -17.294039916  -23.359360261  -22.391836749    0.800140929
   2  -12.529702358  -12.529702358  -22.497832835   11.286056769   -8.551244315  -19.763020382  -15.771039492  -16.521683248  -15.858202629    0.833796645
   3  -10.305909849  -10.305909849  -22.460604532   11.213205757   -8.985030469  -20.232429244  -16.410893253  -14.127445840  -13.518698782    0.840706182
   4   -5.044524288   -5.044524288  -19.091787624    9.630073691   -8.890769854  -18.352483787  -15.598584564   -7.798423512   -7.400401047    0.855469488
   5    0.692241233    0.692241233   -6.264769114    3.179386029   -7.038239737  -10.123622822  -11.646627040    2.215245451    2.017560476    0.870200639
   6    7.099764923    7.099764923   -2.652747177    1.413547685   -4.244130872   -5.483330364   -6.878424329    8.494858888    8.361005931    0.904054522
   7    8.078146532    8.078146532   -1.428654118    0.679872214   -3.005328323   -3.754110228   -4.901020883    9.225057187    9.134706916    0.921222921
   8    8.830137486    8.830137486   -3.694150999    2.160679951   -5.098249377   -6.631720425   -7.809836064   10.008253125    9.898664526    0.906979761
   9    9.117883572    9.117883572   -1.473045430    0.847119319   -2.141859729   -2.767785841   -3.255833642    9.605931373    9.583852629    0.954761103
  10    9.428283809    9.428283809   -0.635717872    0.317649860   -1.344247675   -1.662315688   -2.005035243    9.771003365    9.758470865    0.963432200
  11   10.173210210   10.173210210   -1.349314656    0.742374696   -2.185572582   -2.792512542   -3.333333832   10.714031500   10.686579956    0.949241006
  12   10.490260312   10.490260312   -0.745651782    0.375026926   -1.707273107   -2.077897964   -2.666614854   11.078977203   11.050087049    0.950926915
  13   10.976120627   10.976120627   -2.298646604    1.249652061   -3.879361154   -4.928355698   -6.167552939   12.215317868   12.109556447    0.914653279
 
       k =  0.208333  0.500000  0.000000 ik =  98 spin = 1

   n            Emf             Eo              X           SX-X             CH            Sig            Vxc           Eqp0           Eqp1            Znk
   1  -18.810593644  -18.810593644  -27.067353749   14.474290377   -9.372728607  -21.965791980  -17.115019304  -23.661366320  -22.686553377    0.799039656
   2  -12.123871674  -12.123871674  -22.637601170   11.370545266   -8.705034834  -19.972090738  -16.000301234  -16.095661177  -15.438713197    0.834596476
   3  -10.095966409  -10.095966409  -22.410232460   11.181309943   -9.008998277  -20.237920794  -16.451908357  -13.881978846  -13.281665828    0.841439238
   4   -5.493608237   -5.493608237  -18.753608955    9.420752702   -8.603118410  -17.935974663  -15.130211437   -8.299371463   -7.894545297    0.855716205
   5    1.200654406    1.200654406   -6.616817860    3.409952713   -7.347552880  -10.554418027  -12.133292772    2.779529151    2.569576441    0.867023834
   6    6.203117019    6.203117019   -1.968574549    1.001308787   -3.397594443   -4.364860205   -5.597295816    7.435552630    7.331215969    0.915341085
   7    7.379194232    7.379194232   -0.735481369    0.332018189   -1.912330754   -2.315793935   -3.033193739    8.096594036    8.056545644    0.944175629
   8    7.919013253    7.919013253   -0.201144325    0.113603727   -0.421678081   -0.509218678   -0.511064695    7.920859270    7.920834455    0.986557638
   9    8.617296863    8.617296863   -0.475771931    0.225466289   -1.095681631   -1.345987273   -1.632247467    8.903557056    8.894581498    0.968645455
  10    8.774509790    8.774509790   -3.829191839    2.251378719   -5.204447138   -6.782260258   -7.944955081    9.937204612    9.828760960    0.906730769
  11    9.332763901    9.332763901   -2.852502618    1.640632156   -3.972462250   -5.184332712   -6.127727845   10.276159035   10.205041463    0.924615286
  12   10.032140965   10.032140965   -1.152679905    0.579355247   -2.298575963   -2.871900622   -3.617615791   10.777856134   10.733729848    0.940826890
  13   10.738635096   10.738635096   -3.280119451    1.899472042   -4.919555406   -6.300202816   -7.553317950   11.991750230   11.872313000    0.904687744
 
       k =  0.208333  0.541667  0.000000 ik =  99 spin = 1

   n            Emf             Eo              X           SX-X             CH            Sig            Vxc           Eqp0           Eqp1            Znk
   1  -19.170050307  -19.170050307  -26.965480612   14.418555012   -9.248643711  -21.795569311  -16.928401462  -24.037218156  -23.054202358    0.798031252
   2  -11.617877155  -11.617877155  -22.758531556   11.441702518   -8.871878267  -20.188707306  -16.244742315  -15.561842145  -14.914036365    0.835747583
   3   -9.772915439   -9.772915439  -22.353485248   11.144385191   -9.054970497  -20.264070554  -16.531745952  -13.505240041  -12.917130486    0.842428080
   4   -6.024885517   -6.024885517  -18.516059623    9.272049527   -8.333647922  -17.577658018  -14.699820818   -8.902722717   -8.486686195    0.855434309
   5    1.805987565    1.805987565   -6.853070684    3.580500304   -7.619444908  -10.892015288  -12.543071618    3.457043896    3.232593335    0.864056388
   6    5.317666266    5.317666266   -1.707321480    0.844907490   -3.034362536   -3.896776526   -5.040750505    6.461640246    6.371570336    0.921265771
   7    6.563009915    6.563009915   -0.467945545    0.200405120   -1.440336063   -1.707876488   -2.212263365    7.067396792    7.044731739    0.955064149
   8    6.934256625    6.934256625   -0.117658446    0.062922350   -0.311127008   -0.365863104   -0.348171564    6.916565085    6.916767588    0.988553726
   9    7.771284855    7.771284855   -0.328321781    0.144987005   -0.905605428   -1.088940204   -1.335181714    8.017526366    8.010704187    0.972294768
  10    8.083790173    8.083790173   -0.906239570    0.515825177   -1.482081800   -1.872496193   -2.138365351    8.349659330    8.340275573    0.964705357
  11    9.009489959    9.009489959   -6.196393998    3.627525913   -8.061335375  -10.630203459  -12.536961179   10.916247679   10.664411929    0.867924620
  12    9.571667962    9.571667962   -0.757449308    0.361339731   -1.669446831   -2.065556407   -2.571057505   10.077169059   10.054100928    0.954365813
  13    9.958615440    9.958615440   -2.831114803    1.681023634   -4.161326846   -5.311418015   -6.258913397   10.906110822   10.830163388    0.919844006
 
       k =  0.250000  0.250000  0.000000 ik = 100 spin = 1

   n            Emf             Eo              X           SX-X             CH            Sig            Vxc           Eqp0           Eqp1            Znk
   1  -18.818571928  -18.818571928  -27.060301104   14.469510074   -9.367433764  -21.958224795  -17.106546991  -23.670249732  -22.693599456    0.798698447
   2  -11.980699136  -11.980699136  -22.660146333   11.383526944   -8.749512907  -20.026132296  -16.082421584  -15.924409848  -15.273966287    0.835068135
   3  -10.264884367  -10.264884367  -22.380671928   11.165639190   -8.957868484  -20.172901222  -16.353753495  -14.084032094  -13.476498148    0.840924209
   4   -5.507418403   -5.507418403  -18.730430478    9.406432969   -8.589390875  -17.913388385  -15.107301427   -8.313505360   -7.908752635    0.855759023
   5    1.271384945    1.271384945   -6.671253572    3.444254914   -7.409137151  -10.636135809  -12.223794510    2.859043647    2.646752505    0.866286664
   6    6.179439590    6.179439590   -1.836345221    0.920568059   -3.247523213   -4.163300376   -5.371920162    7.388059377    7.288323249    0.917479319
   7    7.314109697    7.314109697   -0.745690093    0.334506159   -1.934179124   -2.345363058   -3.073893929    8.042640568    8.001632900    0.943711831
   8    7.871120376    7.871120376   -0.132398194    0.071988351   -0.333856931   -0.394266774   -0.379560240    7.856413841    7.856589797    0.988035514
   9    8.552496761    8.552496761   -0.480989778    0.227357485   -1.101915074   -1.355547367   -1.643790108    8.840739502    8.831676134    0.968556474
  10    8.961366808    8.961366808   -1.245804896    0.711549097   -1.947187056   -2.481442856   -2.868948766    9.348872718    9.332317514    0.957277545
  11    9.534695761    9.534695761   -5.897484615    3.421354539   -7.815088476  -10.291218552  -12.214386690   11.457863899   11.204441248    0.868226472
  12    9.951183111    9.951183111   -1.148651377    0.577883049   -2.278053183   -2.848821512   -3.590468505   10.692830104   10.649117726    0.941060398
  13   10.512398484   10.512398484   -3.495452179    2.092232927   -5.225195603   -6.628414855   -7.853240875   11.737224504   11.620373449    0.904597835
 
       k =  0.250000  0.291667  0.000000 ik = 101 spin = 1

   n            Emf             Eo              X           SX-X             CH            Sig            Vxc           Eqp0           Eqp1            Znk
   1  -18.510949918  -18.510949918  -27.179006257   14.536749054   -9.488341645  -22.130598849  -17.288359807  -23.353188960  -22.387081870    0.800483396
   2  -12.299189384  -12.299189384  -22.506739489   11.291369166   -8.611823801  -19.827194124  -15.892820815  -16.233562693  -15.582134079    0.834426333
   3  -10.631333829  -10.631333829  -22.439754993   11.204743831   -8.902075283  -20.137086445  -16.245095355  -14.523324919  -13.899001090    0.839587549
   4   -5.037850611   -5.037850611  -19.052552991    9.606112294   -8.878308180  -18.324748876  -15.576568742   -7.786030745   -7.389178632    0.855594578
   5    0.789227048    0.789227048   -6.360731717    3.237471331   -7.137696608  -10.260956994  -11.793955637    2.322225691    2.121367201    0.868976733
   6    7.092267228    7.092267228   -2.161021290    1.110383988   -3.691931188   -4.742568490   -6.057957251    8.407655988    8.290076706    0.910612523
   7    7.906827831    7.906827831   -1.483857571    0.700725517   -3.082207849   -3.865339903   -5.050328204    9.091816132    8.996591136    0.919640560
   8    8.904766299    8.904766299   -0.292318413    0.166057304   -0.551919325   -0.678180433   -0.710829786    8.937415651    8.936902099    0.984270688
   9    9.292703069    9.292703069   -0.614947983    0.307257877   -1.297182847   -1.604872953   -1.930746475    9.618576591    9.606961608    0.964357387
  10    9.511428659    9.511428659   -4.615892538    2.660737838   -6.364939577   -8.320094277   -9.904406693   11.095741075   10.914480814    0.885590582
  11   10.099981890   10.099981890   -2.011960417    1.149014017   -2.980698028   -3.843644428   -4.550869738   10.807207200   10.762561124    0.936871496
  12   10.377743517   10.377743517   -0.733207762    0.372659006   -1.641585081   -2.002133837   -2.561727376   10.937337056   10.911242324    0.953368419
  13   11.133122465   11.133122465   -3.361847658    1.935139475   -5.179702176   -6.606410359   -7.995758749   12.522470855   12.384829570    0.900931051
 
       k =  0.250000  0.333333  0.000000 ik = 102 spin = 1

   n            Emf             Eo              X           SX-X             CH            Sig            Vxc           Eqp0           Eqp1            Znk
   1  -18.294561882  -18.294561882  -27.288652717   14.601139305   -9.586002099  -22.273515511  -17.435207089  -23.132870304  -22.174275784    0.801874036
   2  -12.528670088  -12.528670088  -22.357711552   11.199095627   -8.493214878  -19.651830803  -15.726560917  -16.453939974  -15.802845821    0.834127545
   3  -10.851433424  -10.851433424  -22.496956545   11.241304352   -8.878192503  -20.133844697  -16.194727253  -14.790550868  -14.155426512    0.838764808
   4   -4.692857931   -4.692857931  -19.410111494    9.825798884   -9.141761990  -18.726074600  -16.011333113   -7.407599418   -7.014132335    0.855062780
   5    0.436589773    0.436589773   -6.005811926    3.012060098   -6.879765356   -9.873517183  -11.373947140    1.937019729    1.744035908    0.871380987
   6    7.970290624    7.970290624   -3.027475178    1.621698396   -4.757528255   -6.163305037   -7.688238465    9.495224051    9.337990078    0.896891254
   7    8.124249805    8.124249805   -2.211394690    1.072577740   -4.095487344   -5.234304293   -6.782999167    9.672944679    9.520207258    0.901376686
   8    9.484024125    9.484024125   -4.141800007    2.347247024   -6.000870138   -7.795423121   -9.434763212   11.123364216   10.935623135    0.885477650
   9   10.089808315   10.089808315   -0.341946535    0.187925677   -0.644461730   -0.798482589   -0.883778348   10.175104075   10.173532211    0.981571602
  10   10.140890753   10.140890753   -0.400196866    0.199863210   -1.117028134   -1.317361791   -1.623196780   10.446725742   10.435843291    0.964417244
  11   10.783388739   10.783388739   -2.496031129    1.389644305   -3.963518503   -5.069905327   -6.226998432   11.940481843   11.844333419    0.916905196
  12   11.203893222   11.203893222   -0.341309408    0.163598221   -1.050459998   -1.228171185   -1.593577434   11.569299470   11.557051683    0.966481727
  13   11.505864894   11.505864894   -0.940818049    0.494178093   -1.814767707   -2.261407663   -2.814469560   12.058926791   12.033315812    0.953692382
 
       k =  0.250000  0.375000  0.000000 ik = 103 spin = 1

   n            Emf             Eo              X           SX-X             CH            Sig            Vxc           Eqp0           Eqp1            Znk
   1  -18.215645585  -18.215645585  -27.335223808   14.629355411   -9.624619885  -22.330488282  -17.493515724  -23.052618143  -22.093383047    0.801686885
   2  -12.613807917  -12.613807917  -22.294726357   11.161004645   -8.446617047  -19.580338758  -15.658680712  -16.535465963  -15.884685991    0.834054891
   3  -10.924101949  -10.924101949  -22.519893528   11.255867199   -8.872258345  -20.136284674  -16.181125285  -14.879261337  -14.240584143    0.838520492
   4   -4.562727754   -4.562727754  -19.582590702    9.931350384   -9.256716798  -18.907957116  -16.202481584   -7.268203286   -6.875213878    0.854742945
   5    0.303899563    0.303899563   -5.833425854    2.903693035   -6.765123630   -9.694856449  -11.186113173    1.795156286    1.604867351    0.872396930
   6    8.148083571    8.148083571   -2.407443401    1.176096722   -4.346029396   -5.577376075   -7.209586965    9.780294461    9.612936303    0.897465359
   7    8.450363272    8.450363272   -4.417705717    2.452793407   -6.389849034   -8.354761344  -10.159409218   10.255011146   10.033628933    0.877326643
   8    9.427301547    9.427301547   -2.407958810    1.267420968   -4.103309109   -5.243846951   -6.672039723   10.855494320   10.719002216    0.904430196
   9   10.621798621   10.621798621   -2.750322782    1.545395556   -4.389618847   -5.594546074   -6.912251146   11.939503693   11.818564089    0.908219520
  10   10.952818997   10.952818997   -0.331838087    0.145921725   -1.309240802   -1.495157165   -2.003416275   11.461078108   11.437175319    0.952971253
  11   11.338067511   11.338067511   -0.170302244    0.094531593   -0.398997200   -0.474767851   -0.469248630   11.332548290   11.332620119    0.986985554
  12   11.416143216   11.416143216   -0.202050181    0.106318480   -0.470243922   -0.565975623   -0.627061608   11.477229201   11.476283860    0.984524424
  13   11.510173813   11.510173813   -0.215735303    0.115140282   -0.736491928   -0.837086949   -0.949827734   11.622914597   11.619979070    0.973962149
 
       k =  0.250000  0.416667  0.000000 ik = 104 spin = 1

   n            Emf             Eo              X           SX-X             CH            Sig            Vxc           Eqp0           Eqp1            Znk
   1  -18.294561880  -18.294561880  -27.288701165   14.601131126   -9.586037558  -22.273607597  -17.435207091  -23.132962386  -22.174384451    0.801881235
   2  -12.528670085  -12.528670085  -22.357665930   11.199120841   -8.493134569  -19.651679659  -15.726560911  -16.453788832  -15.802738553    0.834132336
   3  -10.851433431  -10.851433431  -22.496938767   11.241294527   -8.878193204  -20.133837444  -16.194727256  -14.790543618  -14.155401671    0.838760045
   4   -4.692857937   -4.692857937  -19.410126201    9.825818881   -9.141814103  -18.726121424  -16.011333107   -7.407646254   -7.014168256    0.855061260
   5    0.436589785    0.436589785   -6.005771464    3.012065028   -6.879734680   -9.873441115  -11.373947148    1.937095818    1.744101159    0.871380285
   6    7.970290626    7.970290626   -3.027474225    1.621768943   -4.757390117   -6.163095399   -7.688238461    9.495433688    9.338180028    0.896892519
   7    8.124249796    8.124249796   -2.211380449    1.072597102   -4.095497450   -5.234280798   -6.782999167    9.672968164    9.520228193    0.901376535
   8    9.484024114    9.484024114   -4.141819077    2.347108190   -6.001312255   -7.796023141   -9.434763251   11.122764224   10.935092662    0.885478142
   9   10.089808314   10.089808314   -0.341948964    0.187919815   -0.644475241   -0.798504390   -0.883778339   10.175082263   10.173510768    0.981571218
  10   10.140890755   10.140890755   -0.400198024    0.199868855   -1.116998285   -1.317327454   -1.623196773   10.446760074   10.435875676    0.964414875
  11   10.783388737   10.783388737   -2.496043290    1.389762137   -3.963168969   -5.069450123   -6.226998443   11.940937058   11.844750690    0.916905095
  12   11.203893224   11.203893224   -0.341312138    0.163598763   -1.050430398   -1.228143772   -1.593577438   11.569326890   11.557078050    0.966481359
  13   11.505864893   11.505864893   -0.940817788    0.494161885   -1.814960266   -2.261616170   -2.814469554   12.058718278   12.033116729    0.953691975
 
       k =  0.250000  0.458333  0.000000 ik = 105 spin = 1

   n            Emf             Eo              X           SX-X             CH            Sig            Vxc           Eqp0           Eqp1            Znk
   1  -18.510949913  -18.510949913  -27.179093857   14.536756397   -9.488392568  -22.130730028  -17.288359809  -23.353320132  -22.387168898    0.800479684
   2  -12.299189377  -12.299189377  -22.506663747   11.291390237   -8.611716880  -19.826990390  -15.892820806  -16.233358961  -15.581996709    0.834434628
   3  -10.631333843  -10.631333843  -22.439717460   11.204723032   -8.902027358  -20.137021786  -16.245095361  -14.523260268  -13.898917338    0.839579976
   4   -5.037850620   -5.037850620  -19.052578285    9.606077826   -8.878327497  -18.324827957  -15.576568735   -7.786109842   -7.389239613    0.855592142
   5    0.789227070    0.789227070   -6.360663929    3.237473110   -7.137623686  -10.260814505  -11.793955647    2.322368212    2.121489111    0.868975468
   6    7.092267229    7.092267229   -2.161025092    1.110391840   -3.691899884   -4.742533136   -6.057957245    8.407691338    8.290110607    0.910613824
   7    7.906827819    7.906827819   -1.483841671    0.700713861   -3.082173658   -3.865301469   -5.050328232    9.091854581    8.996625970    0.919640117
   8    8.904766299    8.904766299   -0.292318709    0.166061409   -0.551904639   -0.678161940   -0.710829794    8.937434153    8.936920332    0.984271345
   9    9.292703067    9.292703067   -0.614941587    0.307251803   -1.297154072   -1.604843856   -1.930746456    9.618605667    9.606989731    0.964357647
  10    9.511428642    9.511428642   -4.615913728    2.660658433   -6.364987479   -8.320242775   -9.904406878   11.095592745   10.914346002    0.885588404
  11   10.099981878   10.099981878   -2.011988157    1.148971471   -2.980887500   -3.843904186   -4.550869613   10.806947306   10.762317122    0.936870768
  12   10.377743519   10.377743519   -0.733204123    0.372656928   -1.641541058   -2.002088252   -2.561727362   10.937382629   10.911283782    0.953364862
  13   11.133122465   11.133122465   -3.361891306    1.935209453   -5.179687800   -6.606369654   -7.995758707   12.522511519   12.384870463    0.900934115
 
       k =  0.291667  0.291667  0.000000 ik = 106 spin = 1

   n            Emf             Eo              X           SX-X             CH            Sig            Vxc           Eqp0           Eqp1            Znk
   1  -18.276217349  -18.276217349  -27.292149737   14.602082274   -9.591195754  -22.281263217  -17.442246611  -23.115233954  -22.157257362    0.802030728
   2  -12.403848715  -12.403848715  -22.333761432   11.184883374   -8.515110941  -19.663988999  -15.789964490  -16.277873224  -15.637052209    0.834585194
   3  -11.048393196  -11.048393196  -22.511397637   11.251147725   -8.837178383  -20.097428295  -16.099025633  -15.046795858  -14.399456817    0.838100588
   4   -4.665876021   -4.665876021  -19.413520446    9.828269416   -9.153623159  -18.738874189  -16.029944411   -7.374805799   -6.982261744    0.855092569
   5    0.458738668    0.458738668   -6.030746470    3.027306053   -6.912101552   -9.915541968  -11.417753308    1.960950007    1.767085770    0.870947428
   6    7.987101478    7.987101478   -2.695255841    1.415310852   -4.381122738   -5.661067727   -7.133138282    9.459172033    9.313407891    0.900980193
   7    8.014008152    8.014008152   -2.220767129    1.072768146   -4.089524799   -5.237523782   -6.790740951    9.567225321    9.414569969    0.901716672
   8    9.752138840    9.752138840   -3.878251012    2.185313050   -5.584169153   -7.277107115   -8.778615027   11.253646752   11.093068396    0.893055272
   9   10.065308192   10.065308192   -0.797028721    0.443797121   -1.264886497   -1.618118097   -1.892547528   10.339737623   10.331368429    0.969503291
  10   10.089944260   10.089944260   -0.395199305    0.198747142   -1.091524323   -1.287976486   -1.579841806   10.381809580   10.371624771    0.965104422
  11   10.920802575   10.920802575   -2.360148392    1.333602419   -3.622278798   -4.648824771   -5.602411187   11.874388991   11.801611324    0.923680051
  12   11.176427398   11.176427398   -0.358909412    0.176418129   -1.055652796   -1.238144079   -1.599514232   11.537797551   11.525297871    0.965410313
  13   11.641496275   11.641496275   -1.621582819    0.863343922   -2.864444966   -3.622683862   -4.547657738   12.566470151   12.504803353    0.933331309
 
       k =  0.291667  0.333333  0.000000 ik = 107 spin = 1

   n            Emf             Eo              X           SX-X             CH            Sig            Vxc           Eqp0           Eqp1            Znk
   1  -18.145434941  -18.145434941  -27.367032934   14.646942406   -9.653985528  -22.374076056  -17.536325420  -22.983185578  -22.025198302    0.801976714
   2  -12.447640402  -12.447640402  -22.188937031   11.096502642   -8.444790841  -19.537225229  -15.718828694  -16.266036937  -15.635226190    0.834796952
   3  -11.282681115  -11.282681115  -22.588889426   11.299107001   -8.815174639  -20.104957063  -16.028456435  -15.359181742  -14.695259458    0.837134262
   4   -4.450253313   -4.450253313  -19.692177198    9.998239960   -9.341651214  -19.035588451  -16.343914788   -7.141926977   -6.750513344    0.854583549
   5    0.267965864    0.267965864   -5.768368654    2.862221740   -6.748713853   -9.654860767  -11.144222193    1.757327290    1.567124237    0.872292212
   6    7.950367999    7.950367999   -2.452168859    1.192214697   -4.357369402   -5.617323564   -7.264318449    9.597362884    9.428679447    0.897581080
   7    8.689721492    8.689721492   -3.955206520    2.152357850   -5.900169675   -7.703018345   -9.465552038   10.452255185   10.243993466    0.881839581
   8    9.870623814    9.870623814   -3.032014266    1.632457750   -4.823733920   -6.223290436   -7.786270873   11.433604250   11.270583368    0.895698706
   9   11.002915744   11.002915744   -1.955100624    1.038095288   -3.348242559   -4.265247895   -5.384118677   12.121786526   12.034920578    0.922362842
  10   11.090164694   11.090164694   -0.332234596    0.158736227   -1.176330885   -1.349829254   -1.751731442   11.492066882   11.475667412    0.959195371
  11   11.312423312   11.312423312   -0.421892857    0.212955440   -0.893668227   -1.102605644   -1.361329253   11.571146920   11.564192106    0.973118751
  12   12.089405295   12.089405295   -0.291629618    0.135457007   -0.994369917   -1.150542527   -1.491055539   12.429918307   12.418887950    0.967606651
  13   12.334540139   12.334540139   -0.626816164    0.349200027   -1.241022069   -1.518638206   -1.783959528   12.599861461   12.590928433    0.966331282
 
       k =  0.291667  0.375000  0.000000 ik = 108 spin = 1

   n            Emf             Eo              X           SX-X             CH            Sig            Vxc           Eqp0           Eqp1            Znk
   1  -18.145434939  -18.145434939  -27.367054877   14.646905223   -9.653992469  -22.374142123  -17.536325420  -22.983251642  -22.025334533    0.801993922
   2  -12.447640398  -12.447640398  -22.188926606   11.096520704   -8.444792516  -19.537198418  -15.718828689  -16.266010127  -15.635211359    0.834798929
   3  -11.282681120  -11.282681120  -22.588870892   11.299108300   -8.815140863  -20.104903455  -16.028456439  -15.359128137  -14.695186514    0.837127376
   4   -4.450253317   -4.450253317  -19.692184063    9.998250516   -9.341679933  -19.035613480  -16.343914782   -7.141952014   -6.750532244    0.854582621
   5    0.267965872    0.267965872   -5.768351266    2.862234068   -6.748709775   -9.654826972  -11.144222199    1.757361099    1.567152892    0.872291650
   6    7.950367994    7.950367994   -2.452159309    1.192249148   -4.357387280   -5.617297441   -7.264318448    9.597389001    9.428703001    0.897581148
   7    8.689721493    8.689721493   -3.955205250    2.152453427   -5.900245161   -7.702996983   -9.465552045   10.452276554   10.244006045    0.881836027
   8    9.870623809    9.870623809   -3.032037526    1.632411746   -4.823866715   -6.223492495   -7.786270877   11.433402191   11.270399561    0.895696899
   9   11.002915742   11.002915742   -1.955100125    1.038168983   -3.348084018   -4.265015160   -5.384118701   12.122019283   12.035134309    0.922361988
  10   11.090164697   11.090164697   -0.332238130    0.158739559   -1.176317191   -1.349815762   -1.751731439   11.492080374   11.475678931    0.959191831
  11   11.312423312   11.312423312   -0.421892786    0.212951288   -0.893687650   -1.102629147   -1.361329243   11.571123408   11.564169541    0.973119968
  12   12.089405295   12.089405295   -0.291629542    0.135451608   -0.994359750   -1.150537684   -1.491055543   12.429923153   12.418892285    0.967605612
  13   12.334540140   12.334540140   -0.626817272    0.349171971   -1.241225226   -1.518870527   -1.783959533   12.599629145   12.590702756    0.966326824
 
       k =  0.333333  0.333333  0.000000 ik = 109 spin = 1

   n            Emf             Eo              X           SX-X             CH            Sig            Vxc           Eqp0           Eqp1            Znk
   1  -18.092930246  -18.092930246  -27.396815608   14.663816136   -9.678940978  -22.411940449  -17.573351384  -22.931519311  -21.976224288    0.802567440
   2  -12.383933047  -12.383933047  -22.074693891   11.029412495   -8.417332585  -19.462613980  -15.728073952  -16.118473075  -15.502979512    0.835188923
   3  -11.467406881  -11.467406881  -22.674444453   11.349929782   -8.803857592  -20.128372263  -15.957805834  -15.637973309  -14.955947227    0.836466798
   4   -4.362898379   -4.362898379  -19.809481377   10.070066022   -9.420587853  -19.160003209  -16.475583478   -7.047318109   -6.656367484    0.854363079
   5    0.208362275    0.208362275   -5.667832951    2.798575895   -6.694911317   -9.564168373  -11.050683750    1.694877652    1.505570466    0.872650368
   6    7.866556764    7.866556764   -2.496396336    1.213947807   -4.390315508   -5.672764037   -7.334525085    9.528317811    9.357484915    0.897197677
   7    8.956892561    8.956892561   -4.568074593    2.507044657   -6.635718444   -8.696748379  -10.600331809   10.860475991   10.618574895    0.872923302
   8   10.161399742   10.161399742   -2.846872222    1.485668473   -4.643681895   -6.004885644   -7.596822998   11.753337096   11.587618161    0.895901095
   9   10.950147096   10.950147096   -1.067616343    0.482440530   -2.551412625   -3.136588438   -4.326803006   12.140361664   12.050575331    0.924562902
  10   11.866909923   11.866909923   -0.544959305    0.259322486   -1.691694866   -1.977331686   -2.698564550   12.588142786   12.547177397    0.943200884
  11   12.268847885   12.268847885   -0.148060262    0.053370446   -1.006858697   -1.101548513   -1.438652598   12.605951969   12.591814549    0.958062152
  12   12.419462033   12.419462033   -0.277885173    0.164480717   -0.629605601   -0.743010056   -0.787119530   12.463571507   12.462719292    0.980679558
  13   12.481123675   12.481123675   -0.199240446    0.112460713   -0.444552668   -0.531332400   -0.533480394   12.483271669   12.483239988    0.985250933
 

================================================================================

    n = band index.
  Emf = "inner" mean-field energy eigenvalue used to construct Sigma(E),
        read from WFN_inner.
   Eo = "outer" mean-field energy eigenvalue where we center the evaluation
        frequency grid {E} of Sigma(E). Defaults to Emf, unless
        you use WFN_outer and eqp_outer.dat / scissors_outer.
  Vxc = exchange-correlation pot., calculated from VXC or read from vxc.dat.
  KIH = Kinetic energy + Ionic potential + Hartree, read from kih.dat.
    X = bare exchange.
   SX = screened exchange contrib. to Sigma(E) at energy E=Eo
   CH = Coulomb hole contrib. to Sigma(E) at energy E=Eo
  Cor = SX-X + CH = correlation portion of Sigma(E) at energy E=Eo.
  Sig = X + Cor = self energy, Sigma(E), at energy E=Eo.
 Eqp0 = on-shell QP energy = Emf - Vxc + Sig(Eo)
        Eqp0 is *not* the recommended quantity to use for QP properties.
 Eqp1 = off-shell solution to the linearized  Dyson`s equation
      = Eqp0 + (dSig/dE) / (1 - dSig/dE) * (Eqp0 - Eo),
        or a full linear interpolation if more freq. points where computed.
        Eqp1 is the recommended quantity to use for QP properties.
  Znk = quasiparticle renormalization factor

 Notes on the finite_difference_form from sigma.inp file:
   none    : -2 => dSig/dE = 0 (skip the expansion)
   backward: -1 => dSig/dE = (Sig(Eo) - Sig(Eo-dE)) / dE
   central :  0 => dSig/dE = (Sig(Eo+dE) - Sig(Eo-dE)) / (2*dE)
   forward :  1 => dSig/dE = (Sig(Eo+dE) - Sig(Eo)) / dE
   default :  2 => forward for diagonal and none for off-diagonal
   dE is finite_difference_spacing from Sigma.inp file.
   We are using the form #2 with dE = 1.000 eV.

 General notes:
 - All energies are reported here in eV.
 - Both Emf and Vxc contain the average pot. Vxc0, so Vxc0 doesn`t affect Sigma.
 - Eqp1 and Eqp0 are Eqs. (36-37) from Hybertsen & Louie PRB 34 5390.
 - We recommend you use Eqp1 for QP properties of materials.

================================================================================

